SF:lib\core\services\connection\address_checker.dart
DA:4,1
DA:6,1
LF:2
LH:2
end_of_record
SF:lib\core\constants\files.dart
DA:2,3
DA:3,4
DA:4,3
DA:5,2
DA:7,6
DA:8,6
DA:9,6
DA:10,6
DA:11,6
DA:13,2
DA:14,3
DA:15,2
LF:12
LH:12
end_of_record
SF:lib\core\services\http\http_service.dart
DA:10,1
DA:16,3
LF:2
LH:2
end_of_record
SF:lib\core\services\location\geolocator_handler.dart
DA:4,1
DA:5,1
DA:8,1
DA:9,1
DA:12,1
DA:13,1
LF:6
LH:6
end_of_record
SF:lib\core\services\location\location.dart
DA:5,3
DA:7,2
DA:11,12
DA:14,1
DA:15,5
LF:5
LH:5
end_of_record
SF:lib\core\services\permissions\permission_handler.dart
DA:6,1
DA:7,1
DA:10,1
DA:11,1
DA:14,1
DA:15,1
LF:6
LH:6
end_of_record
SF:lib\core\styles\text_theme.dart
DA:4,39
DA:5,13
DA:8,13
DA:9,13
DA:11,13
DA:14,13
DA:16,13
DA:19,13
DA:21,13
DA:24,13
DA:26,13
DA:29,13
DA:31,13
DA:34,13
DA:36,13
DA:39,13
DA:41,13
DA:44,13
DA:47,13
DA:50,13
DA:53,13
DA:56,13
DA:58,13
DA:61,13
DA:63,13
DA:66,13
DA:68,13
DA:71,13
DA:73,13
DA:76,13
DA:78,13
DA:81,13
LF:32
LH:32
end_of_record
SF:lib\core\styles\typography.dart
DA:7,39
DA:9,1
DA:11,4
DA:12,1
DA:14,1
DA:15,3
DA:16,1
DA:18,4
DA:20,1
DA:22,1
DA:23,3
DA:24,1
DA:26,1
DA:27,3
DA:28,1
DA:30,1
DA:31,3
DA:33,7
DA:35,28
DA:36,11
DA:38,44
DA:39,2
DA:41,8
DA:43,1
DA:45,4
DA:46,1
DA:48,4
DA:49,1
DA:51,4
DA:53,10
DA:55,40
DA:56,2
DA:58,8
DA:59,4
DA:61,16
LF:35
LH:35
end_of_record
SF:lib\core\utils\application.dart
DA:6,6
LF:1
LH:1
end_of_record
SF:lib\core\utils\exception.dart
DA:8,3
DA:16,2
DA:20,2
DA:21,6
DA:22,6
DA:25,1
DA:27,5
LF:7
LH:7
end_of_record
SF:lib\core\utils\failure.dart
DA:8,8
DA:14,1
DA:15,2
DA:18,5
DA:22,15
DA:23,15
DA:24,15
DA:27,1
DA:28,8
LF:9
LH:9
end_of_record
SF:lib\core\utils\result.dart
DA:7,9
DA:9,6
DA:11,2
DA:13,2
DA:15,2
DA:17,5
DA:21,5
DA:22,10
DA:24,6
DA:28,5
DA:32,30
DA:35,1
DA:36,5
LF:13
LH:13
end_of_record
SF:lib\modules\location\data\models\location_model.dart
DA:9,16
DA:14,3
DA:15,9
DA:17,1
DA:18,1
DA:19,1
DA:20,1
DA:24,1
DA:25,1
DA:26,3
DA:27,3
DA:31,3
DA:33,1
DA:34,2
LF:14
LH:14
end_of_record
SF:lib\modules\location\domain\entities\location_entity.dart
DA:5,8
DA:10,4
DA:14,18
DA:17,1
DA:18,5
LF:5
LH:5
end_of_record
SF:lib\modules\location\domain\usecases\fetch_location_usecase.dart
DA:12,1
DA:15,1
DA:17,2
LF:3
LH:3
end_of_record
SF:lib\modules\weather\data\models\weather_model.dart
DA:12,17
DA:20,4
DA:22,24
DA:24,1
DA:27,1
DA:28,1
DA:29,1
DA:30,1
DA:31,1
DA:32,1
DA:36,2
DA:37,4
DA:38,2
DA:39,2
DA:40,6
DA:42,8
DA:43,2
DA:44,8
DA:45,2
DA:46,8
DA:49,8
DA:53,3
DA:55,1
DA:56,2
LF:24
LH:24
end_of_record
SF:lib\modules\weather\domain\entities\weather_entity.dart
DA:9,8
DA:18,6
DA:27,8
DA:31,21
DA:32,12
DA:33,12
DA:34,12
DA:35,12
DA:36,12
DA:39,1
DA:41,3
DA:42,3
DA:43,3
DA:44,3
DA:45,3
DA:46,2
DA:49,6
DA:57,6
DA:58,6
DA:59,6
DA:60,6
DA:61,6
DA:62,4
DA:63,1
LF:24
LH:24
end_of_record
SF:lib\modules\weather\domain\usecases\fetch_weather_color_usecase.dart
DA:8,6
DA:41,5
DA:43,10
LF:3
LH:3
end_of_record
SF:lib\modules\weather\domain\usecases\fetch_weather_icon_usecase.dart
DA:8,6
DA:41,5
DA:43,11
LF:3
LH:3
end_of_record
SF:lib\modules\weather\domain\usecases\fetch_weather_usecase.dart
DA:16,1
DA:19,1
DA:24,4
DA:25,2
DA:28,2
DA:29,1
DA:30,1
LF:7
LH:7
end_of_record
SF:lib\modules\weather\presentation\controllers\weather_controller.dart
DA:31,5
DA:41,4
DA:42,8
DA:43,8
DA:45,8
DA:46,4
DA:47,4
DA:48,8
DA:49,4
DA:50,4
DA:53,4
DA:54,4
DA:55,20
DA:56,20
DA:57,8
DA:58,12
DA:62,2
DA:63,8
DA:69,2
DA:70,8
DA:77,2
DA:78,4
DA:79,4
DA:80,4
DA:81,4
LF:25
LH:25
end_of_record
SF:lib\modules\weather\presentation\pages\weather_info_page.dart
DA:12,2
DA:14,2
DA:16,2
DA:17,3
DA:19,4
DA:20,2
DA:22,2
DA:23,6
DA:24,2
DA:25,2
DA:28,2
DA:29,8
DA:30,1
DA:31,2
DA:32,1
DA:33,1
DA:34,1
DA:36,3
DA:40,1
DA:41,1
DA:42,1
DA:43,1
DA:48,1
DA:51,2
DA:52,2
DA:53,2
DA:55,12
DA:57,2
DA:58,2
DA:60,2
DA:62,2
DA:63,2
DA:64,2
DA:65,4
DA:66,10
DA:68,2
DA:69,2
DA:70,4
DA:71,10
DA:73,2
DA:74,2
DA:75,4
DA:76,10
LF:43
LH:43
end_of_record
SF:lib\modules\weather\presentation\widgets\weather_card.dart
DA:9,3
DA:16,3
DA:18,3
DA:19,3
DA:20,3
DA:21,3
DA:24,3
DA:28,3
DA:29,6
DA:31,3
DA:35,3
DA:36,6
DA:37,6
LF:13
LH:13
end_of_record
SF:lib\modules\weather\presentation\widgets\weather_icon.dart
DA:10,3
DA:16,3
DA:18,3
DA:19,6
DA:20,3
DA:21,3
DA:22,3
DA:25,3
DA:28,3
DA:29,3
DA:31,3
DA:33,3
DA:35,3
DA:37,3
DA:41,3
DA:42,3
DA:43,9
DA:44,9
DA:47,3
LF:19
LH:19
end_of_record
SF:lib\modules\weather\presentation\widgets\weather_color.dart
DA:7,2
DA:9,2
DA:11,2
DA:12,4
DA:13,2
DA:14,2
LF:6
LH:6
end_of_record
SF:lib\core\services\dependency\dependency_service.dart
DA:4,3
DA:5,6
DA:8,3
DA:9,6
DA:12,1
DA:13,3
LF:6
LH:6
end_of_record
SF:lib\core\services\http\http_service_impl.dart
DA:10,1
DA:14,1
DA:15,2
DA:23,1
DA:32,2
DA:36,1
DA:37,2
DA:42,1
DA:44,1
DA:45,1
DA:46,1
DA:47,1
DA:52,1
DA:53,1
DA:56,1
DA:57,1
DA:58,1
DA:61,1
DA:64,1
DA:67,1
DA:70,1
DA:74,2
DA:76,3
DA:80,1
LF:24
LH:24
end_of_record
SF:lib\core\services\connection\connection_service_impl.dart
DA:25,1
DA:28,1
DA:29,1
DA:31,1
DA:33,5
DA:34,5
DA:36,1
DA:39,1
DA:42,2
DA:43,4
DA:44,1
DA:49,1
DA:51,2
DA:52,2
LF:14
LH:14
end_of_record
SF:lib\core\services\location\location_service_impl.dart
DA:10,1
DA:11,1
DA:13,1
DA:18,2
DA:20,1
DA:23,2
DA:24,1
DA:25,1
DA:26,1
DA:29,2
DA:30,3
LF:11
LH:11
end_of_record
SF:lib\core\services\permissions\permission_service_impl.dart
DA:8,1
DA:9,1
DA:11,1
DA:13,2
DA:15,1
DA:17,1
DA:19,1
DA:22,2
LF:8
LH:8
end_of_record
SF:lib\core\services\storage\storage_service_impl.dart
DA:7,1
DA:8,2
DA:9,2
DA:13,1
DA:15,2
DA:19,1
DA:21,2
DA:24,1
DA:26,2
LF:9
LH:9
end_of_record
SF:lib\core\widgets\button\button.dart
DA:11,7
DA:18,7
DA:20,1
DA:27,1
DA:29,1
DA:36,1
DA:38,7
DA:40,7
DA:41,7
DA:42,7
DA:43,7
DA:44,7
DA:45,7
DA:46,7
DA:48,7
DA:49,21
DA:51,7
DA:52,7
DA:53,1
DA:55,2
DA:58,14
DA:59,1
DA:60,1
DA:63,7
DA:64,7
LF:25
LH:25
end_of_record
SF:lib\modules\location\data\datasources\service_location_datasource_impl.dart
DA:11,1
DA:17,1
DA:19,2
DA:21,1
DA:24,2
DA:26,1
DA:27,1
DA:28,1
LF:8
LH:8
end_of_record
SF:lib\core\widgets\button\link_button.dart
DA:14,1
DA:22,1
DA:24,1
DA:26,2
DA:29,1
DA:30,1
DA:31,1
DA:32,1
DA:34,2
DA:35,3
DA:38,1
DA:39,1
DA:40,1
DA:41,4
LF:14
LH:14
end_of_record
SF:lib\modules\location\data\mappers\location_mapper.dart
DA:5,2
DA:6,2
DA:7,2
DA:8,2
DA:12,1
DA:13,1
DA:14,1
DA:15,1
LF:8
LH:8
end_of_record
SF:lib\core\widgets\button\outlined_button.dart
DA:10,1
DA:16,1
DA:18,1
DA:24,1
DA:26,1
DA:32,1
DA:34,1
DA:36,1
DA:37,1
DA:38,1
DA:39,1
DA:40,1
DA:41,3
DA:44,1
DA:45,1
DA:46,1
DA:49,4
DA:52,1
DA:53,1
DA:54,3
LF:20
LH:20
end_of_record
SF:lib\core\widgets\errors\error_widget.dart
DA:19,6
DA:28,6
DA:30,6
DA:31,6
DA:34,6
DA:35,6
DA:36,12
DA:37,3
DA:38,10
DA:39,3
DA:40,4
DA:44,12
DA:46,6
DA:48,6
DA:49,6
DA:54,6
DA:56,6
DA:57,6
DA:58,6
LF:19
LH:19
end_of_record
SF:lib\modules\location\data\repositories\location_repository_impl.dart
DA:12,1
DA:16,1
DA:19,2
DA:21,2
DA:22,1
DA:23,2
DA:25,3
LF:7
LH:7
end_of_record
SF:lib\modules\weather\data\datasources\local_weather_datasource_impl.dart
DA:9,1
DA:12,1
DA:14,2
DA:15,2
DA:16,2
DA:17,2
DA:20,1
DA:22,2
DA:23,2
DA:24,2
DA:25,2
DA:26,2
DA:36,1
DA:37,1
DA:38,1
DA:39,1
DA:40,1
DA:41,1
DA:45,1
DA:47,4
DA:48,4
DA:49,4
DA:50,4
DA:51,4
LF:24
LH:24
end_of_record
SF:lib\core\constants\api.dart
DA:2,1
DA:6,1
LF:2
LH:2
end_of_record
SF:lib\modules\weather\data\datasources\remote_weather_datasource_impl.dart
DA:13,1
DA:16,1
DA:21,2
DA:26,2
DA:28,1
DA:31,1
LF:6
LH:6
end_of_record
SF:lib\modules\weather\data\mappers\weather_mapper.dart
DA:5,1
DA:6,1
DA:7,1
DA:8,1
DA:9,1
DA:10,1
DA:11,1
DA:15,2
DA:16,2
DA:17,2
DA:18,2
DA:19,2
DA:20,2
DA:21,2
LF:14
LH:14
end_of_record
SF:lib\modules\location\presentation\pages\location_error_page.dart
DA:8,2
DA:10,2
DA:12,2
DA:13,4
DA:14,4
DA:15,4
DA:17,2
LF:7
LH:7
end_of_record
SF:lib\modules\location\presentation\pages\location_page.dart
DA:8,2
DA:10,2
DA:12,2
DA:13,4
DA:14,4
DA:15,4
DA:17,2
LF:7
LH:7
end_of_record
SF:lib\modules\weather\data\repositories\weather_repository_impl.dart
DA:15,1
DA:21,1
DA:27,2
DA:32,1
DA:33,2
DA:34,1
DA:35,1
DA:36,2
DA:38,3
DA:42,2
DA:45,3
LF:11
LH:11
end_of_record
SF:lib\modules\weather\presentation\pages\weather_connection_error_page.dart
DA:8,2
DA:10,2
DA:12,2
DA:13,4
DA:14,4
DA:15,4
DA:17,2
LF:7
LH:7
end_of_record
SF:lib\modules\weather\presentation\pages\weather_error_page.dart
DA:8,2
DA:10,2
DA:12,2
DA:13,4
DA:14,4
DA:15,4
DA:17,2
LF:7
LH:7
end_of_record
SF:lib\modules\weather\presentation\pages\weather_page.dart
DA:15,2
DA:17,1
DA:18,1
DA:24,1
DA:26,4
DA:27,1
DA:28,3
DA:29,2
DA:33,1
DA:35,1
DA:36,1
DA:37,1
DA:38,2
DA:39,1
DA:40,2
DA:41,1
DA:42,1
DA:43,2
DA:44,1
DA:46,1
DA:47,1
DA:48,2
DA:50,1
DA:51,1
DA:52,2
DA:54,1
DA:55,1
DA:56,2
DA:58,1
DA:59,1
DA:60,2
DA:62,1
DA:65,1
DA:66,1
DA:78,1
DA:80,2
DA:81,1
LF:37
LH:37
end_of_record
SF:lib\modules\weather\presentation\widgets\weather_loading.dart
DA:5,3
DA:7,2
DA:9,2
DA:10,2
DA:13,2
DA:15,2
DA:16,4
DA:17,2
LF:8
LH:8
end_of_record
